

Version:	3.10
CmdLine:	C:\Users\kelly\Documents\Hacer_Instalador\Ejercutable_exe\alumnos.exe --l4j-debug
WOW64:		yes
Working dir:	C:\Users\kelly\Documents\Hacer_Instalador\Ejercutable_exe\.
Java min ver:	
Java max ver:	
Bundled JRE:	C:\Program Files\Java\jre1.8.0_161
Check launcher:	C:\Program Files\Java\jre1.8.0_161\bin\javaw.exe (OK)
Launcher:	C:\Program Files\Java\jre1.8.0_161\bin\javaw.exe
Launcher args:	-jar "C:\Users\kelly\Documents\Hacer_Instalador\Ejercutable_exe\alumnos.exe"
Args length:	76/32768 chars
Exit code:	0


Version:	3.10
CmdLine:	C:\Users\kelly\Documents\Hacer_Instalador\Ejercutable_exe\alumnos.exe --l4j-debug
WOW64:		yes
Working dir:	C:\Users\kelly\Documents\Hacer_Instalador\Ejercutable_exe\.
Java min ver:	
Java max ver:	
Bundled JRE:	C:\Program Files\Java\jre1.8.0_161
Check launcher:	C:\Program Files\Java\jre1.8.0_161\bin\javaw.exe (OK)
Launcher:	C:\Program Files\Java\jre1.8.0_161\bin\javaw.exe
Launcher args:	-jar "C:\Users\kelly\Documents\Hacer_Instalador\Ejercutable_exe\alumnos.exe"
Args length:	76/32768 chars
Exit code:	0
